2013-11-09 23:32:26 Error: Fatal Error (16): Directive 'allow_call_time_pass_reference' is no longer available in PHP in [Unknown, line 0]
2013-11-09 23:32:26 Error: [FatalErrorException] Directive 'allow_call_time_pass_reference' is no longer available in PHP
Request URL: /photolog/
Stack Trace:
#0 /Users/Takashi/Develop/web/photolog/lib/Cake/Error/ErrorHandler.php(184): ErrorHandler::handleFatalError(16, 'Directive 'allo...', 'Unknown', 0)
#1 [internal function]: ErrorHandler::handleError(16, 'Directive 'allo...', 'Unknown', 0, Array)
#2 /Users/Takashi/Develop/web/photolog/lib/Cake/Core/App.php(931): call_user_func('ErrorHandler::h...', 16, 'Directive 'allo...', 'Unknown', 0, Array)
#3 /Users/Takashi/Develop/web/photolog/lib/Cake/Core/App.php(904): App::_checkFatalError()
#4 [internal function]: App::shutdown()
#5 {main}
2013-11-09 23:33:58 Error: Fatal Error (16): Directive 'allow_call_time_pass_reference' is no longer available in PHP in [Unknown, line 0]
2013-11-09 23:33:58 Error: [FatalErrorException] Directive 'allow_call_time_pass_reference' is no longer available in PHP
Request URL: /photolog/
Stack Trace:
#0 /Users/Takashi/Develop/web/photolog/lib/Cake/Error/ErrorHandler.php(184): ErrorHandler::handleFatalError(16, 'Directive 'allo...', 'Unknown', 0)
#1 [internal function]: ErrorHandler::handleError(16, 'Directive 'allo...', 'Unknown', 0, Array)
#2 /Users/Takashi/Develop/web/photolog/lib/Cake/Core/App.php(931): call_user_func('ErrorHandler::h...', 16, 'Directive 'allo...', 'Unknown', 0, Array)
#3 /Users/Takashi/Develop/web/photolog/lib/Cake/Core/App.php(904): App::_checkFatalError()
#4 [internal function]: App::shutdown()
#5 {main}
2013-11-09 23:33:58 Error: [MissingControllerException] Controller class CssController could not be found.
Exception Attributes: array (
  'class' => 'CssController',
  'plugin' => NULL,
)
Request URL: /photolog/css/cake.generic.css
Stack Trace:
#0 /Users/Takashi/Develop/web/photolog/app/webroot/index.php(110): Dispatcher->dispatch(Object(CakeRequest), Object(CakeResponse))
#1 /Users/Takashi/Develop/web/photolog/index.php(43): require('/Users/Takashi/...')
#2 {main}
2013-11-09 23:33:58 Error: [MissingControllerException] Controller class ImgController could not be found.
Exception Attributes: array (
  'class' => 'ImgController',
  'plugin' => NULL,
)
Request URL: /photolog/img/cake.power.gif
Stack Trace:
#0 /Users/Takashi/Develop/web/photolog/app/webroot/index.php(110): Dispatcher->dispatch(Object(CakeRequest), Object(CakeResponse))
#1 /Users/Takashi/Develop/web/photolog/index.php(43): require('/Users/Takashi/...')
#2 {main}
2013-11-09 23:33:58 Error: Fatal Error (16): Directive 'allow_call_time_pass_reference' is no longer available in PHP in [Unknown, line 0]
2013-11-09 23:33:58 Error: [FatalErrorException] Directive 'allow_call_time_pass_reference' is no longer available in PHP
Request URL: /photolog/css/cake.generic.css
Stack Trace:
#0 /Users/Takashi/Develop/web/photolog/lib/Cake/Error/ErrorHandler.php(184): ErrorHandler::handleFatalError(16, 'Directive 'allo...', 'Unknown', 0)
#1 [internal function]: ErrorHandler::handleError(16, 'Directive 'allo...', 'Unknown', 0, Array)
#2 /Users/Takashi/Develop/web/photolog/lib/Cake/Core/App.php(931): call_user_func('ErrorHandler::h...', 16, 'Directive 'allo...', 'Unknown', 0, Array)
#3 /Users/Takashi/Develop/web/photolog/lib/Cake/Core/App.php(904): App::_checkFatalError()
#4 [internal function]: App::shutdown()
#5 {main}
2013-11-09 23:33:58 Error: Fatal Error (16): Directive 'allow_call_time_pass_reference' is no longer available in PHP in [Unknown, line 0]
2013-11-09 23:33:58 Error: [FatalErrorException] Directive 'allow_call_time_pass_reference' is no longer available in PHP
Request URL: /photolog/img/cake.power.gif
Stack Trace:
#0 /Users/Takashi/Develop/web/photolog/lib/Cake/Error/ErrorHandler.php(184): ErrorHandler::handleFatalError(16, 'Directive 'allo...', 'Unknown', 0)
#1 [internal function]: ErrorHandler::handleError(16, 'Directive 'allo...', 'Unknown', 0, Array)
#2 /Users/Takashi/Develop/web/photolog/lib/Cake/Core/App.php(931): call_user_func('ErrorHandler::h...', 16, 'Directive 'allo...', 'Unknown', 0, Array)
#3 /Users/Takashi/Develop/web/photolog/lib/Cake/Core/App.php(904): App::_checkFatalError()
#4 [internal function]: App::shutdown()
#5 {main}
2013-11-09 23:34:00 Error: Fatal Error (16): Directive 'allow_call_time_pass_reference' is no longer available in PHP in [Unknown, line 0]
2013-11-09 23:34:00 Error: [FatalErrorException] Directive 'allow_call_time_pass_reference' is no longer available in PHP
Request URL: /photolog/
Stack Trace:
#0 /Users/Takashi/Develop/web/photolog/lib/Cake/Error/ErrorHandler.php(184): ErrorHandler::handleFatalError(16, 'Directive 'allo...', 'Unknown', 0)
#1 [internal function]: ErrorHandler::handleError(16, 'Directive 'allo...', 'Unknown', 0, Array)
#2 /Users/Takashi/Develop/web/photolog/lib/Cake/Core/App.php(931): call_user_func('ErrorHandler::h...', 16, 'Directive 'allo...', 'Unknown', 0, Array)
#3 /Users/Takashi/Develop/web/photolog/lib/Cake/Core/App.php(904): App::_checkFatalError()
#4 [internal function]: App::shutdown()
#5 {main}
2013-11-09 23:34:00 Error: [MissingControllerException] Controller class CssController could not be found.
Exception Attributes: array (
  'class' => 'CssController',
  'plugin' => NULL,
)
Request URL: /photolog/css/cake.generic.css
Stack Trace:
#0 /Users/Takashi/Develop/web/photolog/app/webroot/index.php(110): Dispatcher->dispatch(Object(CakeRequest), Object(CakeResponse))
#1 /Users/Takashi/Develop/web/photolog/index.php(43): require('/Users/Takashi/...')
#2 {main}
2013-11-09 23:34:00 Error: [MissingControllerException] Controller class ImgController could not be found.
Exception Attributes: array (
  'class' => 'ImgController',
  'plugin' => NULL,
)
Request URL: /photolog/img/cake.power.gif
Stack Trace:
#0 /Users/Takashi/Develop/web/photolog/app/webroot/index.php(110): Dispatcher->dispatch(Object(CakeRequest), Object(CakeResponse))
#1 /Users/Takashi/Develop/web/photolog/index.php(43): require('/Users/Takashi/...')
#2 {main}
2013-11-09 23:34:00 Error: Fatal Error (16): Directive 'allow_call_time_pass_reference' is no longer available in PHP in [Unknown, line 0]
2013-11-09 23:34:00 Error: [FatalErrorException] Directive 'allow_call_time_pass_reference' is no longer available in PHP
Request URL: /photolog/img/cake.power.gif
Stack Trace:
#0 /Users/Takashi/Develop/web/photolog/lib/Cake/Error/ErrorHandler.php(184): ErrorHandler::handleFatalError(16, 'Directive 'allo...', 'Unknown', 0)
#1 [internal function]: ErrorHandler::handleError(16, 'Directive 'allo...', 'Unknown', 0, Array)
#2 /Users/Takashi/Develop/web/photolog/lib/Cake/Core/App.php(931): call_user_func('ErrorHandler::h...', 16, 'Directive 'allo...', 'Unknown', 0, Array)
#3 /Users/Takashi/Develop/web/photolog/lib/Cake/Core/App.php(904): App::_checkFatalError()
#4 [internal function]: App::shutdown()
#5 {main}
2013-11-09 23:34:01 Error: [MissingControllerException] Controller class CssController could not be found.
Exception Attributes: array (
  'class' => 'CssController',
  'plugin' => NULL,
)
Request URL: /photolog/css/cake.generic.css
Stack Trace:
#0 /Users/Takashi/Develop/web/photolog/app/webroot/index.php(110): Dispatcher->dispatch(Object(CakeRequest), Object(CakeResponse))
#1 /Users/Takashi/Develop/web/photolog/index.php(43): require('/Users/Takashi/...')
#2 {main}
2013-11-09 23:34:01 Error: [MissingControllerException] Controller class ImgController could not be found.
Exception Attributes: array (
  'class' => 'ImgController',
  'plugin' => NULL,
)
Request URL: /photolog/img/cake.power.gif
Stack Trace:
#0 /Users/Takashi/Develop/web/photolog/app/webroot/index.php(110): Dispatcher->dispatch(Object(CakeRequest), Object(CakeResponse))
#1 /Users/Takashi/Develop/web/photolog/index.php(43): require('/Users/Takashi/...')
#2 {main}
2013-11-09 23:34:01 Error: Fatal Error (16): Directive 'allow_call_time_pass_reference' is no longer available in PHP in [Unknown, line 0]
2013-11-09 23:34:01 Error: [FatalErrorException] Directive 'allow_call_time_pass_reference' is no longer available in PHP
Request URL: /photolog/img/cake.power.gif
Stack Trace:
#0 /Users/Takashi/Develop/web/photolog/lib/Cake/Error/ErrorHandler.php(184): ErrorHandler::handleFatalError(16, 'Directive 'allo...', 'Unknown', 0)
#1 [internal function]: ErrorHandler::handleError(16, 'Directive 'allo...', 'Unknown', 0, Array)
#2 /Users/Takashi/Develop/web/photolog/lib/Cake/Core/App.php(931): call_user_func('ErrorHandler::h...', 16, 'Directive 'allo...', 'Unknown', 0, Array)
#3 /Users/Takashi/Develop/web/photolog/lib/Cake/Core/App.php(904): App::_checkFatalError()
#4 [internal function]: App::shutdown()
#5 {main}
2013-11-10 01:57:06 Error: [MissingActionException] Action AppController::index() could not be found.
Exception Attributes: array (
  'controller' => 'AppController',
  'action' => 'index',
)
Request URL: /photolog/app/
Stack Trace:
#0 /Users/Takashi/Develop/web/photolog/lib/Cake/Routing/Dispatcher.php(187): Controller->invokeAction(Object(CakeRequest))
#1 /Users/Takashi/Develop/web/photolog/lib/Cake/Routing/Dispatcher.php(162): Dispatcher->_invoke(Object(AppController), Object(CakeRequest), Object(CakeResponse))
#2 /Users/Takashi/Develop/web/photolog/app/webroot/index.php(110): Dispatcher->dispatch(Object(CakeRequest), Object(CakeResponse))
#3 {main}
2013-11-10 01:57:06 Error: [MissingControllerException] Controller class CssController could not be found.
Exception Attributes: array (
  'class' => 'CssController',
  'plugin' => NULL,
)
Request URL: /photolog/css/cake.generic.css
Stack Trace:
#0 /Users/Takashi/Develop/web/photolog/app/webroot/index.php(110): Dispatcher->dispatch(Object(CakeRequest), Object(CakeResponse))
#1 /Users/Takashi/Develop/web/photolog/index.php(43): require('/Users/Takashi/...')
#2 {main}
2013-11-10 01:57:06 Error: [MissingControllerException] Controller class ImgController could not be found.
Exception Attributes: array (
  'class' => 'ImgController',
  'plugin' => NULL,
)
Request URL: /photolog/img/cake.power.gif
Stack Trace:
#0 /Users/Takashi/Develop/web/photolog/app/webroot/index.php(110): Dispatcher->dispatch(Object(CakeRequest), Object(CakeResponse))
#1 /Users/Takashi/Develop/web/photolog/index.php(43): require('/Users/Takashi/...')
#2 {main}
2013-11-10 01:57:07 Error: Fatal Error (16): Directive 'allow_call_time_pass_reference' is no longer available in PHP in [Unknown, line 0]
2013-11-10 01:57:07 Error: [FatalErrorException] Directive 'allow_call_time_pass_reference' is no longer available in PHP
Request URL: /photolog/img/cake.power.gif
Stack Trace:
#0 /Users/Takashi/Develop/web/photolog/lib/Cake/Error/ErrorHandler.php(184): ErrorHandler::handleFatalError(16, 'Directive 'allo...', 'Unknown', 0)
#1 [internal function]: ErrorHandler::handleError(16, 'Directive 'allo...', 'Unknown', 0, Array)
#2 /Users/Takashi/Develop/web/photolog/lib/Cake/Core/App.php(931): call_user_func('ErrorHandler::h...', 16, 'Directive 'allo...', 'Unknown', 0, Array)
#3 /Users/Takashi/Develop/web/photolog/lib/Cake/Core/App.php(904): App::_checkFatalError()
#4 [internal function]: App::shutdown()
#5 {main}
2013-11-10 01:57:26 Error: [MissingControllerException] Controller class CssController could not be found.
Exception Attributes: array (
  'class' => 'CssController',
  'plugin' => NULL,
)
Request URL: /photolog/css/cake.generic.css
Stack Trace:
#0 /Users/Takashi/Develop/web/photolog/app/webroot/index.php(110): Dispatcher->dispatch(Object(CakeRequest), Object(CakeResponse))
#1 /Users/Takashi/Develop/web/photolog/index.php(43): require('/Users/Takashi/...')
#2 {main}
2013-11-10 01:57:26 Error: [MissingControllerException] Controller class ImgController could not be found.
Exception Attributes: array (
  'class' => 'ImgController',
  'plugin' => NULL,
)
Request URL: /photolog/img/cake.power.gif
Stack Trace:
#0 /Users/Takashi/Develop/web/photolog/app/webroot/index.php(110): Dispatcher->dispatch(Object(CakeRequest), Object(CakeResponse))
#1 /Users/Takashi/Develop/web/photolog/index.php(43): require('/Users/Takashi/...')
#2 {main}
